This is pdfTeX, Version 3.14159265-2.6-1.40.18 (TeX Live 2017/Debian) (preloaded format=pdflatex 2019.9.9)  9 SEP 2019 14:41
entering extended mode
 restricted \write18 enabled.
 %&-line parsing enabled.
**forqs_docs.tex
(./forqs_docs.tex
LaTeX2e <2017-04-15>
Babel <3.18> and hyphenation patterns for 84 language(s) loaded.
(/usr/share/texlive/texmf-dist/tex/latex/base/article.cls
Document Class: article 2014/09/29 v1.4h Standard LaTeX document class
(/usr/share/texlive/texmf-dist/tex/latex/base/size10.clo
File: size10.clo 2014/09/29 v1.4h Standard LaTeX file (size option)
)
\c@part=\count79
\c@section=\count80
\c@subsection=\count81
\c@subsubsection=\count82
\c@paragraph=\count83
\c@subparagraph=\count84
\c@figure=\count85
\c@table=\count86
\abovecaptionskip=\skip41
\belowcaptionskip=\skip42
\bibindent=\dimen102
)
(/usr/share/texlive/texmf-dist/tex/latex/amsmath/amsmath.sty
Package: amsmath 2017/09/02 v2.17a AMS math features
\@mathmargin=\skip43

For additional information on amsmath, use the `?' option.
(/usr/share/texlive/texmf-dist/tex/latex/amsmath/amstext.sty
Package: amstext 2000/06/29 v2.01 AMS text

(/usr/share/texlive/texmf-dist/tex/latex/amsmath/amsgen.sty
File: amsgen.sty 1999/11/30 v2.0 generic functions
\@emptytoks=\toks14
\ex@=\dimen103
))
(/usr/share/texlive/texmf-dist/tex/latex/amsmath/amsbsy.sty
Package: amsbsy 1999/11/29 v1.2d Bold Symbols
\pmbraise@=\dimen104
)
(/usr/share/texlive/texmf-dist/tex/latex/amsmath/amsopn.sty
Package: amsopn 2016/03/08 v2.02 operator names
)
\inf@bad=\count87
LaTeX Info: Redefining \frac on input line 213.
\uproot@=\count88
\leftroot@=\count89
LaTeX Info: Redefining \overline on input line 375.
\classnum@=\count90
\DOTSCASE@=\count91
LaTeX Info: Redefining \ldots on input line 472.
LaTeX Info: Redefining \dots on input line 475.
LaTeX Info: Redefining \cdots on input line 596.
\Mathstrutbox@=\box26
\strutbox@=\box27
\big@size=\dimen105
LaTeX Font Info:    Redeclaring font encoding OML on input line 712.
LaTeX Font Info:    Redeclaring font encoding OMS on input line 713.
\macc@depth=\count92
\c@MaxMatrixCols=\count93
\dotsspace@=\muskip10
\c@parentequation=\count94
\dspbrk@lvl=\count95
\tag@help=\toks15
\row@=\count96
\column@=\count97
\maxfields@=\count98
\andhelp@=\toks16
\eqnshift@=\dimen106
\alignsep@=\dimen107
\tagshift@=\dimen108
\tagwidth@=\dimen109
\totwidth@=\dimen110
\lineht@=\dimen111
\@envbody=\toks17
\multlinegap=\skip44
\multlinetaggap=\skip45
\mathdisplay@stack=\toks18
LaTeX Info: Redefining \[ on input line 2817.
LaTeX Info: Redefining \] on input line 2818.
)
(/usr/share/texlive/texmf-dist/tex/latex/graphics/graphicx.sty
Package: graphicx 2017/06/01 v1.1a Enhanced LaTeX Graphics (DPC,SPQR)

(/usr/share/texlive/texmf-dist/tex/latex/graphics/keyval.sty
Package: keyval 2014/10/28 v1.15 key=value parser (DPC)
\KV@toks@=\toks19
)
(/usr/share/texlive/texmf-dist/tex/latex/graphics/graphics.sty
Package: graphics 2017/06/25 v1.2c Standard LaTeX Graphics (DPC,SPQR)

(/usr/share/texlive/texmf-dist/tex/latex/graphics/trig.sty
Package: trig 2016/01/03 v1.10 sin cos tan (DPC)
)
(/usr/share/texlive/texmf-dist/tex/latex/graphics-cfg/graphics.cfg
File: graphics.cfg 2016/06/04 v1.11 sample graphics configuration
)
Package graphics Info: Driver file: pdftex.def on input line 99.

(/usr/share/texlive/texmf-dist/tex/latex/graphics-def/pdftex.def
File: pdftex.def 2018/01/08 v1.0l Graphics/color driver for pdftex
))
\Gin@req@height=\dimen112
\Gin@req@width=\dimen113
)
(/usr/share/texlive/texmf-dist/tex/latex/tools/verbatim.sty
Package: verbatim 2014/10/28 v1.5q LaTeX2e package for verbatim enhancements
\every@verbatim=\toks20
\verbatim@line=\toks21
\verbatim@in@stream=\read1
)
(/usr/share/texlive/texmf-dist/tex/latex/float/float.sty
Package: float 2001/11/08 v1.3d Float enhancements (AL)
\c@float@type=\count99
\float@exts=\toks22
\float@box=\box28
\@float@everytoks=\toks23
\@floatcapt=\box29
)
(/usr/share/texlive/texmf-dist/tex/latex/hyperref/hyperref.sty
Package: hyperref 2018/02/06 v6.86b Hypertext links for LaTeX

(/usr/share/texlive/texmf-dist/tex/generic/oberdiek/hobsub-hyperref.sty
Package: hobsub-hyperref 2016/05/16 v1.14 Bundle oberdiek, subset hyperref (HO)


(/usr/share/texlive/texmf-dist/tex/generic/oberdiek/hobsub-generic.sty
Package: hobsub-generic 2016/05/16 v1.14 Bundle oberdiek, subset generic (HO)
Package: hobsub 2016/05/16 v1.14 Construct package bundles (HO)
Package: infwarerr 2016/05/16 v1.4 Providing info/warning/error messages (HO)
Package: ltxcmds 2016/05/16 v1.23 LaTeX kernel commands for general use (HO)
Package: ifluatex 2016/05/16 v1.4 Provides the ifluatex switch (HO)
Package ifluatex Info: LuaTeX not detected.
Package: ifvtex 2016/05/16 v1.6 Detect VTeX and its facilities (HO)
Package ifvtex Info: VTeX not detected.
Package: intcalc 2016/05/16 v1.2 Expandable calculations with integers (HO)
Package: ifpdf 2017/03/15 v3.2 Provides the ifpdf switch
Package: etexcmds 2016/05/16 v1.6 Avoid name clashes with e-TeX commands (HO)
Package etexcmds Info: Could not find \expanded.
(etexcmds)             That can mean that you are not using pdfTeX 1.50 or
(etexcmds)             that some package has redefined \expanded.
(etexcmds)             In the latter case, load this package earlier.
Package: kvsetkeys 2016/05/16 v1.17 Key value parser (HO)
Package: kvdefinekeys 2016/05/16 v1.4 Define keys (HO)
Package: pdftexcmds 2018/01/21 v0.26 Utility functions of pdfTeX for LuaTeX (HO
)
Package pdftexcmds Info: LuaTeX not detected.
Package pdftexcmds Info: \pdf@primitive is available.
Package pdftexcmds Info: \pdf@ifprimitive is available.
Package pdftexcmds Info: \pdfdraftmode found.
Package: pdfescape 2016/05/16 v1.14 Implements pdfTeX's escape features (HO)
Package: bigintcalc 2016/05/16 v1.4 Expandable calculations on big integers (HO
)
Package: bitset 2016/05/16 v1.2 Handle bit-vector datatype (HO)
Package: uniquecounter 2016/05/16 v1.3 Provide unlimited unique counter (HO)
)
Package hobsub Info: Skipping package `hobsub' (already loaded).
Package: letltxmacro 2016/05/16 v1.5 Let assignment for LaTeX macros (HO)
Package: hopatch 2016/05/16 v1.3 Wrapper for package hooks (HO)
Package: xcolor-patch 2016/05/16 xcolor patch
Package: atveryend 2016/05/16 v1.9 Hooks at the very end of document (HO)
Package atveryend Info: \enddocument detected (standard20110627).
Package: atbegshi 2016/06/09 v1.18 At begin shipout hook (HO)
Package: refcount 2016/05/16 v3.5 Data extraction from label references (HO)
Package: hycolor 2016/05/16 v1.8 Color options for hyperref/bookmark (HO)
)
(/usr/share/texlive/texmf-dist/tex/generic/ifxetex/ifxetex.sty
Package: ifxetex 2010/09/12 v0.6 Provides ifxetex conditional
)
(/usr/share/texlive/texmf-dist/tex/latex/oberdiek/auxhook.sty
Package: auxhook 2016/05/16 v1.4 Hooks for auxiliary files (HO)
)
(/usr/share/texlive/texmf-dist/tex/latex/oberdiek/kvoptions.sty
Package: kvoptions 2016/05/16 v3.12 Key value format for package options (HO)
)
\@linkdim=\dimen114
\Hy@linkcounter=\count100
\Hy@pagecounter=\count101

(/usr/share/texlive/texmf-dist/tex/latex/hyperref/pd1enc.def
File: pd1enc.def 2018/02/06 v6.86b Hyperref: PDFDocEncoding definition (HO)
)
\Hy@SavedSpaceFactor=\count102

(/usr/share/texlive/texmf-dist/tex/latex/latexconfig/hyperref.cfg
File: hyperref.cfg 2002/06/06 v1.2 hyperref configuration of TeXLive
)
Package hyperref Info: Hyper figures OFF on input line 4509.
Package hyperref Info: Link nesting OFF on input line 4514.
Package hyperref Info: Hyper index ON on input line 4517.
Package hyperref Info: Plain pages OFF on input line 4524.
Package hyperref Info: Backreferencing OFF on input line 4529.
Package hyperref Info: Implicit mode ON; LaTeX internals redefined.
Package hyperref Info: Bookmarks ON on input line 4762.
\c@Hy@tempcnt=\count103

(/usr/share/texlive/texmf-dist/tex/latex/url/url.sty
\Urlmuskip=\muskip11
Package: url 2013/09/16  ver 3.4  Verb mode for urls, etc.
)
LaTeX Info: Redefining \url on input line 5115.
\XeTeXLinkMargin=\dimen115
\Fld@menulength=\count104
\Field@Width=\dimen116
\Fld@charsize=\dimen117
Package hyperref Info: Hyper figures OFF on input line 6369.
Package hyperref Info: Link nesting OFF on input line 6374.
Package hyperref Info: Hyper index ON on input line 6377.
Package hyperref Info: backreferencing OFF on input line 6384.
Package hyperref Info: Link coloring OFF on input line 6389.
Package hyperref Info: Link coloring with OCG OFF on input line 6394.
Package hyperref Info: PDF/A mode OFF on input line 6399.
LaTeX Info: Redefining \ref on input line 6439.
LaTeX Info: Redefining \pageref on input line 6443.
\Hy@abspage=\count105
\c@Item=\count106
\c@Hfootnote=\count107
)
Package hyperref Info: Driver (autodetected): hpdftex.

(/usr/share/texlive/texmf-dist/tex/latex/hyperref/hpdftex.def
File: hpdftex.def 2018/02/06 v6.86b Hyperref driver for pdfTeX
\Fld@listcount=\count108
\c@bookmark@seq@number=\count109

(/usr/share/texlive/texmf-dist/tex/latex/oberdiek/rerunfilecheck.sty
Package: rerunfilecheck 2016/05/16 v1.8 Rerun checks for auxiliary files (HO)
Package uniquecounter Info: New unique counter `rerunfilecheck' on input line 2
82.
)
\Hy@SectionHShift=\skip46
)
(/usr/share/texlive/texmf-dist/tex/latex/natbib/natbib.sty
Package: natbib 2010/09/13 8.31b (PWD, AO)
\bibhang=\skip47
\bibsep=\skip48
LaTeX Info: Redefining \cite on input line 694.
\c@NAT@ctr=\count110
) (./forqs_docs.aux)
\openout1 = `forqs_docs.aux'.

LaTeX Font Info:    Checking defaults for OML/cmm/m/it on input line 56.
LaTeX Font Info:    ... okay on input line 56.
LaTeX Font Info:    Checking defaults for T1/cmr/m/n on input line 56.
LaTeX Font Info:    ... okay on input line 56.
LaTeX Font Info:    Checking defaults for OT1/cmr/m/n on input line 56.
LaTeX Font Info:    ... okay on input line 56.
LaTeX Font Info:    Checking defaults for OMS/cmsy/m/n on input line 56.
LaTeX Font Info:    ... okay on input line 56.
LaTeX Font Info:    Checking defaults for OMX/cmex/m/n on input line 56.
LaTeX Font Info:    ... okay on input line 56.
LaTeX Font Info:    Checking defaults for U/cmr/m/n on input line 56.
LaTeX Font Info:    ... okay on input line 56.
LaTeX Font Info:    Checking defaults for PD1/pdf/m/n on input line 56.
LaTeX Font Info:    ... okay on input line 56.

(/usr/share/texlive/texmf-dist/tex/context/base/mkii/supp-pdf.mkii
[Loading MPS to PDF converter (version 2006.09.02).]
\scratchcounter=\count111
\scratchdimen=\dimen118
\scratchbox=\box30
\nofMPsegments=\count112
\nofMParguments=\count113
\everyMPshowfont=\toks24
\MPscratchCnt=\count114
\MPscratchDim=\dimen119
\MPnumerator=\count115
\makeMPintoPDFobject=\count116
\everyMPtoPDFconversion=\toks25
) (/usr/share/texlive/texmf-dist/tex/latex/oberdiek/epstopdf-base.sty
Package: epstopdf-base 2016/05/15 v2.6 Base part for package epstopdf

(/usr/share/texlive/texmf-dist/tex/latex/oberdiek/grfext.sty
Package: grfext 2016/05/16 v1.2 Manage graphics extensions (HO)
)
Package epstopdf-base Info: Redefining graphics rule for `.eps' on input line 4
38.
Package grfext Info: Graphics extension search list:
(grfext)             [.pdf,.png,.jpg,.mps,.jpeg,.jbig2,.jb2,.PDF,.PNG,.JPG,.JPE
G,.JBIG2,.JB2,.eps]
(grfext)             \AppendGraphicsExtensions on input line 456.

(/usr/share/texlive/texmf-dist/tex/latex/latexconfig/epstopdf-sys.cfg
File: epstopdf-sys.cfg 2010/07/13 v1.3 Configuration of (r)epstopdf for TeX Liv
e
))
\AtBeginShipoutBox=\box31
Package hyperref Info: Link coloring OFF on input line 56.

(/usr/share/texlive/texmf-dist/tex/latex/hyperref/nameref.sty
Package: nameref 2016/05/21 v2.44 Cross-referencing by name of section

(/usr/share/texlive/texmf-dist/tex/generic/oberdiek/gettitlestring.sty
Package: gettitlestring 2016/05/16 v1.5 Cleanup title references (HO)
)
\c@section@level=\count117
)
LaTeX Info: Redefining \ref on input line 56.
LaTeX Info: Redefining \pageref on input line 56.
LaTeX Info: Redefining \nameref on input line 56.

(./forqs_docs.out) (./forqs_docs.out)
\@outlinefile=\write3
\openout3 = `forqs_docs.out'.

<fig/2_locus_selection.png, id=200, 289.08pt x 216.81pt>
File: fig/2_locus_selection.png Graphic file (type png)
<use fig/2_locus_selection.png>
Package pdftex.def Info: fig/2_locus_selection.png  used on input line 67.
(pdftex.def)             Requested size: 276.00105pt x 207.01042pt.
 [1

{/var/lib/texmf/fonts/map/pdftex/updmap/pdftex.map} <./fig/2_locus_selection.pn
g>] (./forqs_docs.toc
LaTeX Font Info:    Font shape `OT1/cmtt/bx/n' in size <10> not available
(Font)              Font shape `OT1/cmtt/m/n' tried instead on input line 1.
 [2])
\tf@toc=\write4
\openout4 = `forqs_docs.toc'.

LaTeX Font Info:    Font shape `OT1/cmtt/bx/n' in size <14.4> not available
(Font)              Font shape `OT1/cmtt/m/n' tried instead on input line 107.

Overfull \hbox (1.49698pt too wide) in paragraph at lines 112--114
[]$\OT1/cmtt/m/n/10 http : / / bioinformatics . oxfordjournals . org / content 
/ early / 2013 / 12 / 10 /
 []

[3]
Underfull \hbox (badness 10000) in paragraph at lines 120--123

 []


Overfull \hbox (5.77623pt too wide) in paragraph at lines 152--156
\OT1/cmr/m/n/10 the \OT1/cmtt/m/n/10 forqs \OT1/cmr/m/n/10 Mod-ule Ref-er-ence 
($\OT1/cmtt/m/n/10 docs / forqs _ module _ reference . html$\OT1/cmr/m/n/10 ) w
hich con-
 []

<fig/screenshot_forqs_module_reference.png, id=277, 939.51pt x 685.56125pt>
File: fig/screenshot_forqs_module_reference.png Graphic file (type png)
<use fig/screenshot_forqs_module_reference.png>
Package pdftex.def Info: fig/screenshot_forqs_module_reference.png  used on inp
ut line 158.
(pdftex.def)             Requested size: 310.4979pt x 226.57065pt.
[4 <./fig/screenshot_forqs_module_reference.png>]
<fig/HaplotypeChunk_cropped.pdf, id=284, 502.84671pt x 181.7985pt>
File: fig/HaplotypeChunk_cropped.pdf Graphic file (type pdf)
<use fig/HaplotypeChunk_cropped.pdf>
Package pdftex.def Info: fig/HaplotypeChunk_cropped.pdf  used on input line 179
.
(pdftex.def)             Requested size: 241.49895pt x 87.30943pt.
<fig/forqs_design_2.pdf, id=286, 668.4975pt x 542.025pt>
File: fig/forqs_design_2.pdf Graphic file (type pdf)
<use fig/forqs_design_2.pdf>
Package pdftex.def Info: fig/forqs_design_2.pdf  used on input line 208.
(pdftex.def)             Requested size: 310.4979pt x 251.75781pt.
 [5

 <./fig/HaplotypeChunk_cropped.pdf>] [6 <./fig/forqs_design_2.pdf>]
File: ../examples/tutorial_0_minimal.txt  (verbatim)
 [7

]
File: ../examples/tutorial_1_recombination_reporter.txt  (verbatim)

Underfull \hbox (badness 2027) in paragraph at lines 320--327
\OT1/cmr/m/n/10 sim-u-la-tor uses the \OT1/cmtt/m/n/10 RecombinationPositionGen
erator \OT1/cmr/m/n/10 mod-ule to gen-er-
 []


Underfull \hbox (badness 4913) in paragraph at lines 320--327
\OT1/cmr/m/n/10 ate lists of re-com-bi-na-tion po-si-tions. In this case, we ar
e us-ing
 []

[8]
File: ../examples/tutorial_2_wright_fisher.txt  (verbatim)
 [9]
Underfull \hbox (badness 5203) in paragraph at lines 412--420
[]\OT1/cmr/m/n/10 You may have no-ticed the com-mented line with the pa-ram-e-t
er
 []

File: ../examples/tutorial_3_selection.txt  (verbatim)
[10]
Underfull \hbox (badness 10000) in paragraph at lines 430--438
[]\OT1/cmr/m/n/10 For this sim-u-la-tion, we add a quan-ti-ta-tive trait rep-re
-sent-ing
 []


Underfull \hbox (badness 8113) in paragraph at lines 430--438
\OT1/cmr/m/n/10 fit-ness de-ter-mined by an in-di-vid-ual's geno-type at a sin-
gle lo-cus:
 []


Underfull \hbox (badness 2828) in paragraph at lines 430--438
\OT1/cmtt/m/n/10 QuantitativeTrait[]SingleLocusFitness\OT1/cmr/m/n/10 . The pa-
ram-e-ters \OT1/cmtt/m/n/10 w0, w1, w2
 []

[11]
<fig/allele_frequency_trajectories.pdf, id=353, 505.89pt x 505.89pt>
File: fig/allele_frequency_trajectories.pdf Graphic file (type pdf)
<use fig/allele_frequency_trajectories.pdf>
Package pdftex.def Info: fig/allele_frequency_trajectories.pdf  used on input l
ine 448.
(pdftex.def)             Requested size: 207.0021pt x 207.00711pt.
File: ../examples/tutorial_4a_trajectories.txt  (verbatim)
 [12 <./fig/allele_frequency_trajectories.pdf>]
Overfull \hbox (23.54572pt too wide) in paragraph at lines 471--471
[]    \OT1/cmtt/m/n/9 write_popconfig = 1        # set this flag to write out t
he popconfig file[] 
 []


Underfull \hbox (badness 4217) in paragraph at lines 474--483
[]\OT1/cmr/m/n/10 Note that \OT1/cmtt/m/n/10 PopulationConfigGenerator[]LinearS
teppingStone \OT1/cmr/m/n/10 has a
 []

File: ../examples/tutorial_4b_trajectories.txt  (verbatim)
[13]
Overfull \hbox (23.54572pt too wide) in paragraph at lines 495--495
[]    \OT1/cmtt/m/n/9 write_popconfig = 1        # set this flag to write out t
he popconfig file[] 
 []

File: ../examples/tutorial_5_qtl.txt  (verbatim)
[14] [15]
Underfull \hbox (badness 2103) in paragraph at lines 528--537
[]\OT1/cmr/m/n/10 In this ex-am-ple, \OT1/cmtt/m/n/10 FitnessFunction[]Truncati
onSelection \OT1/cmr/m/n/10 as-signs fit-
 []


Underfull \hbox (badness 3919) in paragraph at lines 528--537
\OT1/cmr/m/n/10 ness val-ues of 1 to in-di-vid-u-als in the up-per half of the 
dis-tri-bu-
 []


Underfull \hbox (badness 1466) in paragraph at lines 546--552
\OT1/cmr/m/n/10 spec-i-fies which hap-lo-type ids ac-tu-ally carry the vari-ant
: in this case,
 []

[16]
File: ../examples/tutorial_6_haplotype_frequencies.txt  (verbatim)
 [17] [18]
LaTeX Font Info:    Try loading font information for OMS+cmr on input line 700.

 (/usr/share/texlive/texmf-dist/tex/latex/base/omscmr.fd
File: omscmr.fd 2014/09/29 v2.5h Standard LaTeX font definitions
)
LaTeX Font Info:    Font shape `OMS/cmr/m/n' in size <10> not available
(Font)              Font shape `OMS/cmsy/m/n' tried instead on input line 700.

[19] [20]
Overfull \hbox (4.97168pt too wide) in paragraph at lines 819--824
[]\OT1/cmr/m/n/10 For de-bug-ging pur-poses, \OT1/cmtt/m/n/10 forqs \OT1/cmr/m/
n/10 op-tion-ally out-puts the file $\OT1/cmtt/m/n/10 forqs . popconfig .
 []

[21]
Underfull \hbox (badness 1708) in paragraph at lines 842--845
[]\OT1/cmr/m/n/10 There are mul-ti-ple im-ple-men-ta-tions of the \OT1/cmtt/m/n
/10 Recombination-Position-
 []

[22] [23]
Overfull \hbox (20.92055pt too wide) in paragraph at lines 961--963
[]\OT1/cmr/m/n/10 Note that the chro-mo-some pairs use 0-based in-dex-ing, so \
OT1/cmtt/m/n/10 chromosome[]pair[]index
 []

[24] [25] [26]
<fig/validation_selection_100.pdf, id=438, 505.89pt x 505.89pt>
File: fig/validation_selection_100.pdf Graphic file (type pdf)
<use fig/validation_selection_100.pdf>
Package pdftex.def Info: fig/validation_selection_100.pdf  used on input line 1
133.
(pdftex.def)             Requested size: 169.0519pt x 169.05156pt.
<fig/validation_selection_1000.pdf, id=439, 505.89pt x 505.89pt>
File: fig/validation_selection_1000.pdf Graphic file (type pdf)
<use fig/validation_selection_1000.pdf>
Package pdftex.def Info: fig/validation_selection_1000.pdf  used on input line 
1134.
(pdftex.def)             Requested size: 169.0519pt x 169.05156pt.
<fig/validation_ld_decay.pdf, id=441, 505.89pt x 505.89pt>
File: fig/validation_ld_decay.pdf Graphic file (type pdf)
<use fig/validation_ld_decay.pdf>
Package pdftex.def Info: fig/validation_ld_decay.pdf  used on input line 1154.
(pdftex.def)             Requested size: 169.0519pt x 169.05156pt.
 [27 <./fig/validation_selection_100.pdf> <./fig/validation_selection_1000.pdf>
]

Package natbib Warning: Citation `Fu1995' on page 28 undefined on input line 11
75.


Package natbib Warning: Citation `WakeleyTakahashi2003' on page 28 undefined on
 input line 1179.

<fig/validation_mutation_drift_large_sample.pdf, id=459, 505.89pt x 505.89pt>
File: fig/validation_mutation_drift_large_sample.pdf Graphic file (type pdf)
<use fig/validation_mutation_drift_large_sample.pdf>
Package pdftex.def Info: fig/validation_mutation_drift_large_sample.pdf  used o
n input line 1188.
(pdftex.def)             Requested size: 169.0519pt x 169.05156pt.
<fig/validation_mutation_drift_small_sample.pdf, id=460, 505.89pt x 505.89pt>
File: fig/validation_mutation_drift_small_sample.pdf Graphic file (type pdf)
<use fig/validation_mutation_drift_small_sample.pdf>
Package pdftex.def Info: fig/validation_mutation_drift_small_sample.pdf  used o
n input line 1189.
(pdftex.def)             Requested size: 169.0519pt x 169.05156pt.
[28 <./fig/validation_ld_decay.pdf>]

Package natbib Warning: Citation `GillespieBook' on page 29 undefined on input 
line 1211.


Package natbib Warning: Citation `FalconerMackayBook' on page 29 undefined on i
nput line 1211.

<fig/validation_selection_response.pdf, id=474, 578.16pt x 289.08pt>
File: fig/validation_selection_response.pdf Graphic file (type pdf)
<use fig/validation_selection_response.pdf>
Package pdftex.def Info: fig/validation_selection_response.pdf  used on input l
ine 1225.
(pdftex.def)             Requested size: 310.4979pt x 155.24954pt.
[29 <./fig/validation_mutation_drift_large_sample.pdf> <./fig/validation_mutati
on_drift_small_sample.pdf>]
Overfull \hbox (5.50009pt too wide) in paragraph at lines 1253--1261
[]\OT1/cmr/m/n/10 To il-lus-trate the sim-u-la-tion of en-tire genomes, the con
-fig-u-ra-tion file $\OT1/cmtt/m/n/10 examples /
 []

[30 <./fig/validation_selection_response.pdf>]
<fig/qtl_random_full_human_genome_mean_trait_values.pdf, id=505, 505.89pt x 505
.89pt>
File: fig/qtl_random_full_human_genome_mean_trait_values.pdf Graphic file (type
 pdf)
<use fig/qtl_random_full_human_genome_mean_trait_values.pdf>
Package pdftex.def Info: fig/qtl_random_full_human_genome_mean_trait_values.pdf
  used on input line 1272.
(pdftex.def)             Requested size: 310.4979pt x 310.4991pt.
 [31 <./fig/qtl_random_full_human_genome_mean_trait_values.pdf>] [32]
Underfull \hbox (badness 1194) in paragraph at lines 1378--1383
[]\OT1/cmr/m/n/10 The im-ple-men-ta-tions pro-duce iden-ti-cal re-sults, and ca
n be used in-
 []


Underfull \hbox (badness 2269) in paragraph at lines 1378--1383
\OT1/cmr/m/n/10 ter-change-ably. To ac-com-plish this, \OT1/cmtt/m/n/10 Populat
ion \OT1/cmr/m/n/10 is ac-tu-ally an in-ter-
 []


Underfull \hbox (badness 5008) in paragraph at lines 1386--1391
[]\OT1/cmr/m/n/10 In or-der to han-dle both cases in a uni-fied man-ner, the cl
ass
 []

[33] [34]
Overfull \hbox (41.75555pt too wide) in paragraph at lines 1507--1507
[]\OT1/cmtt/m/n/8 ./b2                               # builds libraries -- get 
coffee (this can take a while)[] 
 []


Overfull \hbox (46.00562pt too wide) in paragraph at lines 1508--1508
[]\OT1/cmtt/m/n/8 ./b2 install                       # installs stuff in ~/loca
l/include/boost and ~/local/lib[] 
 []


Overfull \hbox (41.75555pt too wide) in paragraph at lines 1519--1519
[]\OT1/cmtt/m/n/8 ./b2 install --prefix=$HOME/local  # puts bjam in ~/local/bin
, boost-build in ~/local/share[] 
 []

[35]
Overfull \hbox (24.75531pt too wide) in paragraph at lines 1551--1551
[]\OT1/cmtt/m/n/8 #   (you may need to fiddle with these command line parameter
s -- these worked for me),[] 
 []


Overfull \hbox (3.505pt too wide) in paragraph at lines 1558--1558
[]\OT1/cmtt/m/n/8 # put the Boost library files directly in /usr/i686-w64-mingw
32, where the various[] 
 []


Overfull \hbox (12.00513pt too wide) in paragraph at lines 1561--1561
[]\OT1/cmtt/m/n/8 # the forqs Jamroot contains a target ``windows'', which will
 build Windows binaries[] 
 []

No file forqs_docs.bbl.

Package natbib Warning: There were undefined citations.

Package atveryend Info: Empty hook `BeforeClearDocument' on input line 1582.
[36]
Package atveryend Info: Empty hook `AfterLastShipout' on input line 1582.
 (./forqs_docs.aux)
Package atveryend Info: Executing hook `AtVeryEndDocument' on input line 1582.
Package atveryend Info: Executing hook `AtEndAfterFileList' on input line 1582.

Package rerunfilecheck Info: File `forqs_docs.out' has not changed.
(rerunfilecheck)             Checksum: 9C4168E698935F52E47B4AB88DAA2FF7;3468.


LaTeX Warning: Label(s) may have changed. Rerun to get cross-references right.

Package atveryend Info: Empty hook `AtVeryVeryEnd' on input line 1582.
 ) 
Here is how much of TeX's memory you used:
 6301 strings out of 492982
 92357 string characters out of 6134897
 181760 words of memory out of 5000000
 9686 multiletter control sequences out of 15000+600000
 11207 words of font info for 42 fonts, out of 8000000 for 9000
 1141 hyphenation exceptions out of 8191
 28i,10n,28p,564b,490s stack positions out of 5000i,500n,10000p,200000b,80000s
</usr/share/texlive/texmf-dist/fonts/type1/public/amsfonts/cm/cmbx10.pfb></us
r/share/texlive/texmf-dist/fonts/type1/public/amsfonts/cm/cmbx12.pfb></usr/shar
e/texlive/texmf-dist/fonts/type1/public/amsfonts/cm/cmmi10.pfb></usr/share/texl
ive/texmf-dist/fonts/type1/public/amsfonts/cm/cmmi7.pfb></usr/share/texlive/tex
mf-dist/fonts/type1/public/amsfonts/cm/cmr10.pfb></usr/share/texlive/texmf-dist
/fonts/type1/public/amsfonts/cm/cmr12.pfb></usr/share/texlive/texmf-dist/fonts/
type1/public/amsfonts/cm/cmr17.pfb></usr/share/texlive/texmf-dist/fonts/type1/p
ublic/amsfonts/cm/cmr7.pfb></usr/share/texlive/texmf-dist/fonts/type1/public/am
sfonts/cm/cmsy10.pfb></usr/share/texlive/texmf-dist/fonts/type1/public/amsfonts
/cm/cmti10.pfb></usr/share/texlive/texmf-dist/fonts/type1/public/amsfonts/cm/cm
tt10.pfb></usr/share/texlive/texmf-dist/fonts/type1/public/amsfonts/cm/cmtt12.p
fb></usr/share/texlive/texmf-dist/fonts/type1/public/amsfonts/cm/cmtt8.pfb></us
r/share/texlive/texmf-dist/fonts/type1/public/amsfonts/cm/cmtt9.pfb>
Output written on forqs_docs.pdf (36 pages, 580536 bytes).
PDF statistics:
 612 PDF objects out of 1000 (max. 8388607)
 525 compressed objects within 6 object streams
 106 named destinations out of 1000 (max. 500000)
 453 words of extra memory for PDF output out of 10000 (max. 10000000)

